<?xml version="1.0" encoding="UTF-8"?>
<!-- Generated by org.testng.reporters.JUnitReportReporter -->
<testsuite skipped="0" hostname="LAPTOP-5PURE35O" name="com.Test.DashboardTest" tests="3" failures="0" timestamp="16 Sep 2022 06:40:46 GMT" time="1.047" errors="0">
  <testcase name="checkTitleOfDashboard" time="0.553" classname="com.Test.DashboardTest"/>
  <testcase name="checkUsers" time="0.382" classname="com.Test.DashboardTest"/>
  <testcase name="Delete" time="0.112" classname="com.Test.DashboardTest"/>
</testsuite> <!-- com.Test.DashboardTest -->
